<?xml version="1.0" encoding="UTF-8"?>
<!-- Generated by org.testng.reporters.JUnitReportReporter -->
<testsuite hostname="DESKTOP-4F545DN" failures="0" tests="1" name="com.urbanladder.testCases.TC_BookShelves_001" time="7.501" errors="0" timestamp="2022-11-18T10:49:57 IST" skipped="0">
  <testcase classname="com.urbanladder.testCases.TC_BookShelves_001" name="selectOnBookShelves" time="7.501"/>
  <system-out/>
</testsuite> <!-- com.urbanladder.testCases.TC_BookShelves_001 -->
